<?xml version="1.0" encoding="UTF-8"?>
<testng-results skipped="0" failed="0" ignored="0" total="1" passed="1">
  <reporter-output>
  </reporter-output>
  <suite name="Default suite" duration-ms="2853" started-at="2022-12-27T09:16:48 COT" finished-at="2022-12-27T09:16:51 COT">
    <groups>
    </groups>
    <test name="Default test" duration-ms="2853" started-at="2022-12-27T09:16:48 COT" finished-at="2022-12-27T09:16:51 COT">
      <class name="testng.auto.suite.DockerTest">
        <test-method status="PASS" signature="before()[pri:0, instance:testng.auto.suite.DockerTest@51e2adc7]" name="before" is-config="true" duration-ms="3374" started-at="2022-12-27T09:16:44 COT" finished-at="2022-12-27T09:16:48 COT">
          <reporter-output>
          </reporter-output>
        </test-method> <!-- before -->
        <test-method status="PASS" signature="testOneDocker()[pri:0, instance:testng.auto.suite.DockerTest@51e2adc7]" name="testOneDocker" duration-ms="2825" started-at="2022-12-27T09:16:48 COT" finished-at="2022-12-27T09:16:51 COT">
          <reporter-output>
          </reporter-output>
        </test-method> <!-- testOneDocker -->
        <test-method status="PASS" signature="close()[pri:0, instance:testng.auto.suite.DockerTest@51e2adc7]" name="close" is-config="true" duration-ms="126" started-at="2022-12-27T09:16:51 COT" finished-at="2022-12-27T09:16:51 COT">
          <reporter-output>
          </reporter-output>
        </test-method> <!-- close -->
      </class> <!-- testng.auto.suite.DockerTest -->
    </test> <!-- Default test -->
  </suite> <!-- Default suite -->
</testng-results>
